20-Apr-2024 22:35:46.670 INFO [main] org.apache.catalina.startup.VersionLoggerListener.log Имя версии сервера:    Apache Tomcat/8.5.97
20-Apr-2024 22:35:46.710 INFO [main] org.apache.catalina.startup.VersionLoggerListener.log Сервер собран:         Dec 7 2023 17:57:18 UTC
20-Apr-2024 22:35:46.710 INFO [main] org.apache.catalina.startup.VersionLoggerListener.log Номер версии сервера:  8.5.97.0
20-Apr-2024 22:35:46.710 INFO [main] org.apache.catalina.startup.VersionLoggerListener.log OS Name:               Windows 7
20-Apr-2024 22:35:46.710 INFO [main] org.apache.catalina.startup.VersionLoggerListener.log Версия ОС:             6.1
20-Apr-2024 22:35:46.710 INFO [main] org.apache.catalina.startup.VersionLoggerListener.log Архитектура:           amd64
20-Apr-2024 22:35:46.711 INFO [main] org.apache.catalina.startup.VersionLoggerListener.log Java Home:             C:\Users\Галина\.jdks\openjdk-18.0.2
20-Apr-2024 22:35:46.711 INFO [main] org.apache.catalina.startup.VersionLoggerListener.log Версия JVM:            18.0.2+9-61
20-Apr-2024 22:35:46.711 INFO [main] org.apache.catalina.startup.VersionLoggerListener.log Производитель JVM:     Oracle Corporation
20-Apr-2024 22:35:46.711 INFO [main] org.apache.catalina.startup.VersionLoggerListener.log CATALINA_BASE:         C:\Users\Галина\Desktop\demo (1)
20-Apr-2024 22:35:46.711 INFO [main] org.apache.catalina.startup.VersionLoggerListener.log CATALINA_HOME:         C:\Users\Галина\Desktop\Tomcat\apache-tomcat-8.5.97
20-Apr-2024 22:35:46.715 INFO [main] org.apache.catalina.startup.VersionLoggerListener.log Command line argument: --add-opens=java.base/java.lang=ALL-UNNAMED
20-Apr-2024 22:35:46.715 INFO [main] org.apache.catalina.startup.VersionLoggerListener.log Command line argument: --add-opens=java.base/java.io=ALL-UNNAMED
20-Apr-2024 22:35:46.715 INFO [main] org.apache.catalina.startup.VersionLoggerListener.log Command line argument: --add-opens=java.base/java.util=ALL-UNNAMED
20-Apr-2024 22:35:46.715 INFO [main] org.apache.catalina.startup.VersionLoggerListener.log Command line argument: --add-opens=java.base/java.util.concurrent=ALL-UNNAMED
20-Apr-2024 22:35:46.715 INFO [main] org.apache.catalina.startup.VersionLoggerListener.log Command line argument: --add-opens=java.rmi/sun.rmi.transport=ALL-UNNAMED
20-Apr-2024 22:35:46.715 INFO [main] org.apache.catalina.startup.VersionLoggerListener.log Command line argument: -Dcatalina.home=C:\Users\Галина\Desktop\Tomcat\apache-tomcat-8.5.97
20-Apr-2024 22:35:46.715 INFO [main] org.apache.catalina.startup.VersionLoggerListener.log Command line argument: -Dcatalina.base=C:\Users\Галина\Desktop\demo (1)
20-Apr-2024 22:35:46.716 INFO [main] org.apache.catalina.startup.VersionLoggerListener.log Command line argument: -Djava.io.tmpdir=C:\Users\Галина\Desktop\demo (1)\temp
20-Apr-2024 22:35:46.716 INFO [main] org.apache.catalina.startup.VersionLoggerListener.log Command line argument: -Djava.util.logging.config.file=C:\Users\Галина\Desktop\demo (1)\conf\logging.properties
20-Apr-2024 22:35:46.716 INFO [main] org.apache.catalina.startup.VersionLoggerListener.log Command line argument: -Djava.util.logging.manager=org.apache.juli.ClassLoaderLogManager
20-Apr-2024 22:35:46.716 INFO [main] org.apache.catalina.startup.VersionLoggerListener.log Command line argument: -javaagent:C:\Users\Галина\AppData\Local\JetBrains\Toolbox\apps\IDEA-C\ch-0\221.6008.13\lib\idea_rt.jar=49703:C:\Users\Галина\AppData\Local\JetBrains\Toolbox\apps\IDEA-C\ch-0\221.6008.13\bin
20-Apr-2024 22:35:46.716 INFO [main] org.apache.catalina.startup.VersionLoggerListener.log Command line argument: -Dfile.encoding=UTF-8
20-Apr-2024 22:35:46.716 INFO [main] org.apache.catalina.core.AprLifecycleListener.lifecycleEvent The Apache Tomcat Native library which allows using OpenSSL was not found on the java.library.path: [C:\Users\Галина\.jdks\openjdk-18.0.2\bin;C:\Windows\Sun\Java\bin;C:\Windows\system32;C:\Windows;C:\Program Files (x86)\Common Files\Oracle\Java\javapath;C:\Program Files (x86)\AMD APP\bin\x86_64;C:\Program Files (x86)\AMD APP\bin\x86;C:\Program Files\Common Files\Microsoft Shared\Windows Live;C:\Program Files (x86)\Common Files\Microsoft Shared\Windows Live;C:\Windows\system32;C:\Windows;C:\Windows\System32\Wbem;C:\Windows\System32\WindowsPowerShell\v1.0\;C:\Program Files (x86)\Windows Live\Shared;C:\Program Files (x86)\ATI Technologies\ATI.ACE\Core-Static;C:\Program Files (x86)\Intel\OpenCL SDK\2.0\bin\x86;C:\Program Files (x86)\Intel\OpenCL SDK\2.0\bin\x64;C:\Program Files\OpenVPN\bin;C:\Program Files (x86)\Intel\OpenCL SDK\2.0\bin\x86;C:\Program Files (x86)\Intel\OpenCL SDK\2.0\bin\x64;C:\Program Files\Git\cmd;C:\Program Files\Microsoft SQL Server\120\Tools\Binn\;;C:\Users\Галина\AppData\Local\JetBrains\Toolbox\scripts;C:\Users\Галина\AppData\Local\Programs\Microsoft VS Code\bin;.]
20-Apr-2024 22:35:46.970 INFO [main] org.apache.coyote.AbstractProtocol.init Инициализация ProtocolHandler ["http-nio-9999"]
20-Apr-2024 22:35:47.054 INFO [main] org.apache.catalina.startup.Catalina.load Initialization processed in 6337 ms
20-Apr-2024 22:35:47.269 INFO [main] org.apache.catalina.core.StandardService.startInternal Starting service [Catalina]
20-Apr-2024 22:35:47.269 INFO [main] org.apache.catalina.core.StandardEngine.startInternal Starting Servlet engine: [Apache Tomcat/8.5.97]
20-Apr-2024 22:35:47.312 INFO [localhost-startStop-1] org.apache.catalina.startup.HostConfig.deployDescriptor Deploying deployment descriptor [C:\Users\Галина\Desktop\demo (1)\conf\Catalina\localhost\ROOT.xml]
20-Apr-2024 22:35:50.045 INFO [localhost-startStop-1] org.apache.catalina.startup.HostConfig.deployDescriptor Deployment of deployment descriptor [C:\Users\Галина\Desktop\demo (1)\conf\Catalina\localhost\ROOT.xml] has finished in [2 710] ms
20-Apr-2024 22:35:50.080 INFO [main] org.apache.coyote.AbstractProtocol.start Starting ProtocolHandler ["http-nio-9999"]
20-Apr-2024 22:35:50.347 INFO [main] org.apache.catalina.startup.Catalina.start Server startup in 3292 ms
20-Apr-2024 22:35:50.439 SEVERE [main] org.apache.catalina.core.StandardServer.await Failed to create server shutdown socket on address [localhost] and port [9999] (base port [9999] and offset [0])
	java.net.BindException: Address already in use: bind
		at java.base/sun.nio.ch.Net.bind0(Native Method)
		at java.base/sun.nio.ch.Net.bind(Net.java:555)
		at java.base/sun.nio.ch.Net.bind(Net.java:544)
		at java.base/sun.nio.ch.NioSocketImpl.bind(NioSocketImpl.java:640)
		at java.base/java.net.ServerSocket.bind(ServerSocket.java:392)
		at java.base/java.net.ServerSocket.<init>(ServerSocket.java:274)
		at org.apache.catalina.core.StandardServer.await(StandardServer.java:444)
		at org.apache.catalina.startup.Catalina.await(Catalina.java:783)
		at org.apache.catalina.startup.Catalina.start(Catalina.java:729)
		at java.base/jdk.internal.reflect.DirectMethodHandleAccessor.invoke(DirectMethodHandleAccessor.java:104)
		at java.base/java.lang.reflect.Method.invoke(Method.java:577)
		at org.apache.catalina.startup.Bootstrap.start(Bootstrap.java:347)
		at org.apache.catalina.startup.Bootstrap.main(Bootstrap.java:478)
20-Apr-2024 22:35:50.440 INFO [main] org.apache.coyote.AbstractProtocol.pause Pausing ProtocolHandler ["http-nio-9999"]
20-Apr-2024 22:35:50.458 INFO [main] org.apache.catalina.core.StandardService.stopInternal Stopping service [Catalina]
20-Apr-2024 22:35:50.551 INFO [main] org.apache.coyote.AbstractProtocol.stop Stopping ProtocolHandler ["http-nio-9999"]
20-Apr-2024 22:35:50.605 INFO [main] org.apache.coyote.AbstractProtocol.destroy Destroying ProtocolHandler ["http-nio-9999"]
20-Apr-2024 22:43:52.538 INFO [main] org.apache.catalina.startup.VersionLoggerListener.log Имя версии сервера:    Apache Tomcat/8.5.97
20-Apr-2024 22:43:52.545 INFO [main] org.apache.catalina.startup.VersionLoggerListener.log Сервер собран:         Dec 7 2023 17:57:18 UTC
20-Apr-2024 22:43:52.546 INFO [main] org.apache.catalina.startup.VersionLoggerListener.log Номер версии сервера:  8.5.97.0
20-Apr-2024 22:43:52.546 INFO [main] org.apache.catalina.startup.VersionLoggerListener.log OS Name:               Windows 7
20-Apr-2024 22:43:52.546 INFO [main] org.apache.catalina.startup.VersionLoggerListener.log Версия ОС:             6.1
20-Apr-2024 22:43:52.551 INFO [main] org.apache.catalina.startup.VersionLoggerListener.log Архитектура:           amd64
20-Apr-2024 22:43:52.553 INFO [main] org.apache.catalina.startup.VersionLoggerListener.log Java Home:             C:\Users\Галина\.jdks\openjdk-18.0.2
20-Apr-2024 22:43:52.553 INFO [main] org.apache.catalina.startup.VersionLoggerListener.log Версия JVM:            18.0.2+9-61
20-Apr-2024 22:43:52.554 INFO [main] org.apache.catalina.startup.VersionLoggerListener.log Производитель JVM:     Oracle Corporation
20-Apr-2024 22:43:52.554 INFO [main] org.apache.catalina.startup.VersionLoggerListener.log CATALINA_BASE:         C:\Users\Галина\Desktop\demo (1)
20-Apr-2024 22:43:52.554 INFO [main] org.apache.catalina.startup.VersionLoggerListener.log CATALINA_HOME:         C:\Users\Галина\Desktop\Tomcat\apache-tomcat-8.5.97
20-Apr-2024 22:43:52.557 INFO [main] org.apache.catalina.startup.VersionLoggerListener.log Command line argument: --add-opens=java.base/java.lang=ALL-UNNAMED
20-Apr-2024 22:43:52.558 INFO [main] org.apache.catalina.startup.VersionLoggerListener.log Command line argument: --add-opens=java.base/java.io=ALL-UNNAMED
20-Apr-2024 22:43:52.558 INFO [main] org.apache.catalina.startup.VersionLoggerListener.log Command line argument: --add-opens=java.base/java.util=ALL-UNNAMED
20-Apr-2024 22:43:52.559 INFO [main] org.apache.catalina.startup.VersionLoggerListener.log Command line argument: --add-opens=java.base/java.util.concurrent=ALL-UNNAMED
20-Apr-2024 22:43:52.559 INFO [main] org.apache.catalina.startup.VersionLoggerListener.log Command line argument: --add-opens=java.rmi/sun.rmi.transport=ALL-UNNAMED
20-Apr-2024 22:43:52.559 INFO [main] org.apache.catalina.startup.VersionLoggerListener.log Command line argument: -Dcatalina.home=C:\Users\Галина\Desktop\Tomcat\apache-tomcat-8.5.97
20-Apr-2024 22:43:52.560 INFO [main] org.apache.catalina.startup.VersionLoggerListener.log Command line argument: -Dcatalina.base=C:\Users\Галина\Desktop\demo (1)
20-Apr-2024 22:43:52.560 INFO [main] org.apache.catalina.startup.VersionLoggerListener.log Command line argument: -Djava.io.tmpdir=C:\Users\Галина\Desktop\demo (1)\temp
20-Apr-2024 22:43:52.561 INFO [main] org.apache.catalina.startup.VersionLoggerListener.log Command line argument: -Djava.util.logging.config.file=C:\Users\Галина\Desktop\demo (1)\conf\logging.properties
20-Apr-2024 22:43:52.561 INFO [main] org.apache.catalina.startup.VersionLoggerListener.log Command line argument: -Djava.util.logging.manager=org.apache.juli.ClassLoaderLogManager
20-Apr-2024 22:43:52.561 INFO [main] org.apache.catalina.startup.VersionLoggerListener.log Command line argument: -javaagent:C:\Users\Галина\AppData\Local\JetBrains\Toolbox\apps\IDEA-C\ch-0\221.6008.13\lib\idea_rt.jar=51899:C:\Users\Галина\AppData\Local\JetBrains\Toolbox\apps\IDEA-C\ch-0\221.6008.13\bin
20-Apr-2024 22:43:52.561 INFO [main] org.apache.catalina.startup.VersionLoggerListener.log Command line argument: -Dfile.encoding=UTF-8
20-Apr-2024 22:43:52.561 INFO [main] org.apache.catalina.core.AprLifecycleListener.lifecycleEvent The Apache Tomcat Native library which allows using OpenSSL was not found on the java.library.path: [C:\Users\Галина\.jdks\openjdk-18.0.2\bin;C:\Windows\Sun\Java\bin;C:\Windows\system32;C:\Windows;C:\Program Files (x86)\Common Files\Oracle\Java\javapath;C:\Program Files (x86)\AMD APP\bin\x86_64;C:\Program Files (x86)\AMD APP\bin\x86;C:\Program Files\Common Files\Microsoft Shared\Windows Live;C:\Program Files (x86)\Common Files\Microsoft Shared\Windows Live;C:\Windows\system32;C:\Windows;C:\Windows\System32\Wbem;C:\Windows\System32\WindowsPowerShell\v1.0\;C:\Program Files (x86)\Windows Live\Shared;C:\Program Files (x86)\ATI Technologies\ATI.ACE\Core-Static;C:\Program Files (x86)\Intel\OpenCL SDK\2.0\bin\x86;C:\Program Files (x86)\Intel\OpenCL SDK\2.0\bin\x64;C:\Program Files\OpenVPN\bin;C:\Program Files (x86)\Intel\OpenCL SDK\2.0\bin\x86;C:\Program Files (x86)\Intel\OpenCL SDK\2.0\bin\x64;C:\Program Files\Git\cmd;C:\Program Files\Microsoft SQL Server\120\Tools\Binn\;;C:\Users\Галина\AppData\Local\JetBrains\Toolbox\scripts;C:\Users\Галина\AppData\Local\Programs\Microsoft VS Code\bin;.]
20-Apr-2024 22:43:52.665 INFO [main] org.apache.coyote.AbstractProtocol.init Инициализация ProtocolHandler ["http-nio-8080"]
20-Apr-2024 22:43:52.720 INFO [main] org.apache.catalina.startup.Catalina.load Initialization processed in 1418 ms
20-Apr-2024 22:43:52.913 INFO [main] org.apache.catalina.core.StandardService.startInternal Starting service [Catalina]
20-Apr-2024 22:43:52.913 INFO [main] org.apache.catalina.core.StandardEngine.startInternal Starting Servlet engine: [Apache Tomcat/8.5.97]
20-Apr-2024 22:43:52.931 INFO [localhost-startStop-1] org.apache.catalina.startup.HostConfig.deployDescriptor Deploying deployment descriptor [C:\Users\Галина\Desktop\demo (1)\conf\Catalina\localhost\ROOT.xml]
20-Apr-2024 22:43:53.707 INFO [localhost-startStop-1] org.apache.catalina.startup.HostConfig.deployDescriptor Deployment of deployment descriptor [C:\Users\Галина\Desktop\demo (1)\conf\Catalina\localhost\ROOT.xml] has finished in [774] ms
20-Apr-2024 22:43:53.718 INFO [main] org.apache.coyote.AbstractProtocol.start Starting ProtocolHandler ["http-nio-8080"]
20-Apr-2024 22:43:53.841 INFO [main] org.apache.catalina.startup.Catalina.start Server startup in 1120 ms
20-Apr-2024 22:43:53.851 SEVERE [main] org.apache.catalina.core.StandardServer.await Failed to create server shutdown socket on address [localhost] and port [8080] (base port [8080] and offset [0])
	java.net.BindException: Address already in use: bind
		at java.base/sun.nio.ch.Net.bind0(Native Method)
		at java.base/sun.nio.ch.Net.bind(Net.java:555)
		at java.base/sun.nio.ch.Net.bind(Net.java:544)
		at java.base/sun.nio.ch.NioSocketImpl.bind(NioSocketImpl.java:640)
		at java.base/java.net.ServerSocket.bind(ServerSocket.java:392)
		at java.base/java.net.ServerSocket.<init>(ServerSocket.java:274)
		at org.apache.catalina.core.StandardServer.await(StandardServer.java:444)
		at org.apache.catalina.startup.Catalina.await(Catalina.java:783)
		at org.apache.catalina.startup.Catalina.start(Catalina.java:729)
		at java.base/jdk.internal.reflect.DirectMethodHandleAccessor.invoke(DirectMethodHandleAccessor.java:104)
		at java.base/java.lang.reflect.Method.invoke(Method.java:577)
		at org.apache.catalina.startup.Bootstrap.start(Bootstrap.java:347)
		at org.apache.catalina.startup.Bootstrap.main(Bootstrap.java:478)
20-Apr-2024 22:43:53.853 INFO [main] org.apache.coyote.AbstractProtocol.pause Pausing ProtocolHandler ["http-nio-8080"]
20-Apr-2024 22:43:53.867 INFO [main] org.apache.catalina.core.StandardService.stopInternal Stopping service [Catalina]
20-Apr-2024 22:43:53.888 INFO [main] org.apache.coyote.AbstractProtocol.stop Stopping ProtocolHandler ["http-nio-8080"]
20-Apr-2024 22:43:53.892 INFO [main] org.apache.coyote.AbstractProtocol.destroy Destroying ProtocolHandler ["http-nio-8080"]
20-Apr-2024 23:02:56.489 INFO [main] org.apache.catalina.startup.VersionLoggerListener.log Имя версии сервера:    Apache Tomcat/8.5.97
20-Apr-2024 23:02:56.498 INFO [main] org.apache.catalina.startup.VersionLoggerListener.log Сервер собран:         Dec 7 2023 17:57:18 UTC
20-Apr-2024 23:02:56.498 INFO [main] org.apache.catalina.startup.VersionLoggerListener.log Номер версии сервера:  8.5.97.0
20-Apr-2024 23:02:56.499 INFO [main] org.apache.catalina.startup.VersionLoggerListener.log OS Name:               Windows 7
20-Apr-2024 23:02:56.499 INFO [main] org.apache.catalina.startup.VersionLoggerListener.log Версия ОС:             6.1
20-Apr-2024 23:02:56.499 INFO [main] org.apache.catalina.startup.VersionLoggerListener.log Архитектура:           amd64
20-Apr-2024 23:02:56.499 INFO [main] org.apache.catalina.startup.VersionLoggerListener.log Java Home:             C:\Users\Галина\.jdks\openjdk-18.0.2
20-Apr-2024 23:02:56.500 INFO [main] org.apache.catalina.startup.VersionLoggerListener.log Версия JVM:            18.0.2+9-61
20-Apr-2024 23:02:56.504 INFO [main] org.apache.catalina.startup.VersionLoggerListener.log Производитель JVM:     Oracle Corporation
20-Apr-2024 23:02:56.523 INFO [main] org.apache.catalina.startup.VersionLoggerListener.log CATALINA_BASE:         C:\Users\Галина\Desktop\demo (1)
20-Apr-2024 23:02:56.549 INFO [main] org.apache.catalina.startup.VersionLoggerListener.log CATALINA_HOME:         C:\Users\Галина\Desktop\Tomcat\apache-tomcat-8.5.97
20-Apr-2024 23:02:56.550 INFO [main] org.apache.catalina.startup.VersionLoggerListener.log Command line argument: --add-opens=java.base/java.lang=ALL-UNNAMED
20-Apr-2024 23:02:56.567 INFO [main] org.apache.catalina.startup.VersionLoggerListener.log Command line argument: --add-opens=java.base/java.io=ALL-UNNAMED
20-Apr-2024 23:02:56.567 INFO [main] org.apache.catalina.startup.VersionLoggerListener.log Command line argument: --add-opens=java.base/java.util=ALL-UNNAMED
20-Apr-2024 23:02:56.568 INFO [main] org.apache.catalina.startup.VersionLoggerListener.log Command line argument: --add-opens=java.base/java.util.concurrent=ALL-UNNAMED
20-Apr-2024 23:02:56.568 INFO [main] org.apache.catalina.startup.VersionLoggerListener.log Command line argument: --add-opens=java.rmi/sun.rmi.transport=ALL-UNNAMED
20-Apr-2024 23:02:56.568 INFO [main] org.apache.catalina.startup.VersionLoggerListener.log Command line argument: -Dcatalina.home=C:\Users\Галина\Desktop\Tomcat\apache-tomcat-8.5.97
20-Apr-2024 23:02:56.568 INFO [main] org.apache.catalina.startup.VersionLoggerListener.log Command line argument: -Dcatalina.base=C:\Users\Галина\Desktop\demo (1)
20-Apr-2024 23:02:56.568 INFO [main] org.apache.catalina.startup.VersionLoggerListener.log Command line argument: -Djava.io.tmpdir=C:\Users\Галина\Desktop\demo (1)\temp
20-Apr-2024 23:02:56.569 INFO [main] org.apache.catalina.startup.VersionLoggerListener.log Command line argument: -Djava.util.logging.config.file=C:\Users\Галина\Desktop\demo (1)\conf\logging.properties
20-Apr-2024 23:02:56.569 INFO [main] org.apache.catalina.startup.VersionLoggerListener.log Command line argument: -Djava.util.logging.manager=org.apache.juli.ClassLoaderLogManager
20-Apr-2024 23:02:56.569 INFO [main] org.apache.catalina.startup.VersionLoggerListener.log Command line argument: -javaagent:C:\Users\Галина\AppData\Local\JetBrains\Toolbox\apps\IDEA-C\ch-0\221.6008.13\lib\idea_rt.jar=57326:C:\Users\Галина\AppData\Local\JetBrains\Toolbox\apps\IDEA-C\ch-0\221.6008.13\bin
20-Apr-2024 23:02:56.571 INFO [main] org.apache.catalina.startup.VersionLoggerListener.log Command line argument: -Dfile.encoding=UTF-8
20-Apr-2024 23:02:56.572 INFO [main] org.apache.catalina.core.AprLifecycleListener.lifecycleEvent The Apache Tomcat Native library which allows using OpenSSL was not found on the java.library.path: [C:\Users\Галина\.jdks\openjdk-18.0.2\bin;C:\Windows\Sun\Java\bin;C:\Windows\system32;C:\Windows;C:\Program Files (x86)\Common Files\Oracle\Java\javapath;C:\Program Files (x86)\AMD APP\bin\x86_64;C:\Program Files (x86)\AMD APP\bin\x86;C:\Program Files\Common Files\Microsoft Shared\Windows Live;C:\Program Files (x86)\Common Files\Microsoft Shared\Windows Live;C:\Windows\system32;C:\Windows;C:\Windows\System32\Wbem;C:\Windows\System32\WindowsPowerShell\v1.0\;C:\Program Files (x86)\Windows Live\Shared;C:\Program Files (x86)\ATI Technologies\ATI.ACE\Core-Static;C:\Program Files (x86)\Intel\OpenCL SDK\2.0\bin\x86;C:\Program Files (x86)\Intel\OpenCL SDK\2.0\bin\x64;C:\Program Files\OpenVPN\bin;C:\Program Files (x86)\Intel\OpenCL SDK\2.0\bin\x86;C:\Program Files (x86)\Intel\OpenCL SDK\2.0\bin\x64;C:\Program Files\Git\cmd;C:\Program Files\Microsoft SQL Server\120\Tools\Binn\;;C:\Users\Галина\AppData\Local\JetBrains\Toolbox\scripts;C:\Users\Галина\AppData\Local\Programs\Microsoft VS Code\bin;.]
20-Apr-2024 23:02:56.727 INFO [main] org.apache.coyote.AbstractProtocol.init Инициализация ProtocolHandler ["http-nio-8080"]
20-Apr-2024 23:02:56.788 SEVERE [main] org.apache.catalina.core.StandardService.initInternal Failed to initialize connector [Connector["http-nio-8080"]]
	org.apache.catalina.LifecycleException: Protocol handler initialization failed
		at org.apache.catalina.connector.Connector.initInternal(Connector.java:1075)
		at org.apache.catalina.util.LifecycleBase.init(LifecycleBase.java:127)
		at org.apache.catalina.core.StandardService.initInternal(StandardService.java:564)
		at org.apache.catalina.util.LifecycleBase.init(LifecycleBase.java:127)
		at org.apache.catalina.core.StandardServer.initInternal(StandardServer.java:854)
		at org.apache.catalina.util.LifecycleBase.init(LifecycleBase.java:127)
		at org.apache.catalina.startup.Catalina.load(Catalina.java:646)
		at org.apache.catalina.startup.Catalina.load(Catalina.java:669)
		at java.base/jdk.internal.reflect.DirectMethodHandleAccessor.invoke(DirectMethodHandleAccessor.java:104)
		at java.base/java.lang.reflect.Method.invoke(Method.java:577)
		at org.apache.catalina.startup.Bootstrap.load(Bootstrap.java:307)
		at org.apache.catalina.startup.Bootstrap.main(Bootstrap.java:477)
	Caused by: java.net.BindException: Address already in use: bind
		at java.base/sun.nio.ch.Net.bind0(Native Method)
		at java.base/sun.nio.ch.Net.bind(Net.java:555)
		at java.base/sun.nio.ch.ServerSocketChannelImpl.netBind(ServerSocketChannelImpl.java:337)
		at java.base/sun.nio.ch.ServerSocketChannelImpl.bind(ServerSocketChannelImpl.java:294)
		at java.base/sun.nio.ch.ServerSocketAdaptor.bind(ServerSocketAdaptor.java:89)
		at org.apache.tomcat.util.net.NioEndpoint.initServerSocket(NioEndpoint.java:226)
		at org.apache.tomcat.util.net.NioEndpoint.bind(NioEndpoint.java:202)
		at org.apache.tomcat.util.net.AbstractEndpoint.bindWithCleanup(AbstractEndpoint.java:1326)
		at org.apache.tomcat.util.net.AbstractEndpoint.init(AbstractEndpoint.java:1339)
		at org.apache.tomcat.util.net.AbstractJsseEndpoint.init(AbstractJsseEndpoint.java:231)
		at org.apache.coyote.AbstractProtocol.init(AbstractProtocol.java:695)
		at org.apache.coyote.http11.AbstractHttp11Protocol.init(AbstractHttp11Protocol.java:76)
		at org.apache.catalina.connector.Connector.initInternal(Connector.java:1073)
		... 11 more
20-Apr-2024 23:02:56.790 INFO [main] org.apache.catalina.startup.Catalina.load Initialization processed in 2124 ms
20-Apr-2024 23:02:56.936 INFO [main] org.apache.catalina.core.StandardService.startInternal Starting service [Catalina]
20-Apr-2024 23:02:56.938 INFO [main] org.apache.catalina.core.StandardEngine.startInternal Starting Servlet engine: [Apache Tomcat/8.5.97]
20-Apr-2024 23:02:57.143 INFO [localhost-startStop-1] org.apache.catalina.startup.HostConfig.deployDescriptor Deploying deployment descriptor [C:\Users\Галина\Desktop\demo (1)\conf\Catalina\localhost\ROOT.xml]
20-Apr-2024 23:02:58.460 WARNING [localhost-startStop-1] org.apache.catalina.util.SessionIdGeneratorBase.createSecureRandom Creation of SecureRandom instance for session ID generation using [SHA1PRNG] took [162] milliseconds.
20-Apr-2024 23:02:58.508 INFO [localhost-startStop-1] org.apache.catalina.startup.HostConfig.deployDescriptor Deployment of deployment descriptor [C:\Users\Галина\Desktop\demo (1)\conf\Catalina\localhost\ROOT.xml] has finished in [1 364] ms
20-Apr-2024 23:02:58.535 INFO [main] org.apache.catalina.startup.Catalina.start Server startup in 1744 ms
20-Apr-2024 23:02:58.569 SEVERE [main] org.apache.catalina.core.StandardServer.await Failed to create server shutdown socket on address [localhost] and port [8080] (base port [8080] and offset [0])
	java.net.BindException: Address already in use: bind
		at java.base/sun.nio.ch.Net.bind0(Native Method)
		at java.base/sun.nio.ch.Net.bind(Net.java:555)
		at java.base/sun.nio.ch.Net.bind(Net.java:544)
		at java.base/sun.nio.ch.NioSocketImpl.bind(NioSocketImpl.java:640)
		at java.base/java.net.ServerSocket.bind(ServerSocket.java:392)
		at java.base/java.net.ServerSocket.<init>(ServerSocket.java:274)
		at org.apache.catalina.core.StandardServer.await(StandardServer.java:444)
		at org.apache.catalina.startup.Catalina.await(Catalina.java:783)
		at org.apache.catalina.startup.Catalina.start(Catalina.java:729)
		at java.base/jdk.internal.reflect.DirectMethodHandleAccessor.invoke(DirectMethodHandleAccessor.java:104)
		at java.base/java.lang.reflect.Method.invoke(Method.java:577)
		at org.apache.catalina.startup.Bootstrap.start(Bootstrap.java:347)
		at org.apache.catalina.startup.Bootstrap.main(Bootstrap.java:478)
20-Apr-2024 23:02:58.570 INFO [main] org.apache.coyote.AbstractProtocol.pause Pausing ProtocolHandler ["http-nio-8080"]
20-Apr-2024 23:02:58.570 INFO [main] org.apache.catalina.core.StandardService.stopInternal Stopping service [Catalina]
20-Apr-2024 23:02:58.605 INFO [main] org.apache.coyote.AbstractProtocol.stop Stopping ProtocolHandler ["http-nio-8080"]
20-Apr-2024 23:02:58.608 INFO [main] org.apache.coyote.AbstractProtocol.destroy Destroying ProtocolHandler ["http-nio-8080"]
20-Apr-2024 23:09:11.206 INFO [main] org.apache.catalina.startup.VersionLoggerListener.log Имя версии сервера:    Apache Tomcat/8.5.97
20-Apr-2024 23:09:11.222 INFO [main] org.apache.catalina.startup.VersionLoggerListener.log Сервер собран:         Dec 7 2023 17:57:18 UTC
20-Apr-2024 23:09:11.222 INFO [main] org.apache.catalina.startup.VersionLoggerListener.log Номер версии сервера:  8.5.97.0
20-Apr-2024 23:09:11.223 INFO [main] org.apache.catalina.startup.VersionLoggerListener.log OS Name:               Windows 7
20-Apr-2024 23:09:11.223 INFO [main] org.apache.catalina.startup.VersionLoggerListener.log Версия ОС:             6.1
20-Apr-2024 23:09:11.223 INFO [main] org.apache.catalina.startup.VersionLoggerListener.log Архитектура:           amd64
20-Apr-2024 23:09:11.224 INFO [main] org.apache.catalina.startup.VersionLoggerListener.log Java Home:             C:\Users\Галина\.jdks\openjdk-18.0.2
20-Apr-2024 23:09:11.224 INFO [main] org.apache.catalina.startup.VersionLoggerListener.log Версия JVM:            18.0.2+9-61
20-Apr-2024 23:09:11.224 INFO [main] org.apache.catalina.startup.VersionLoggerListener.log Производитель JVM:     Oracle Corporation
20-Apr-2024 23:09:11.225 INFO [main] org.apache.catalina.startup.VersionLoggerListener.log CATALINA_BASE:         C:\Users\Галина\Desktop\demo (1)
20-Apr-2024 23:09:11.225 INFO [main] org.apache.catalina.startup.VersionLoggerListener.log CATALINA_HOME:         C:\Users\Галина\Desktop\Tomcat\apache-tomcat-8.5.97
20-Apr-2024 23:09:11.232 INFO [main] org.apache.catalina.startup.VersionLoggerListener.log Command line argument: --add-opens=java.base/java.lang=ALL-UNNAMED
20-Apr-2024 23:09:11.232 INFO [main] org.apache.catalina.startup.VersionLoggerListener.log Command line argument: --add-opens=java.base/java.io=ALL-UNNAMED
20-Apr-2024 23:09:11.232 INFO [main] org.apache.catalina.startup.VersionLoggerListener.log Command line argument: --add-opens=java.base/java.util=ALL-UNNAMED
20-Apr-2024 23:09:11.233 INFO [main] org.apache.catalina.startup.VersionLoggerListener.log Command line argument: --add-opens=java.base/java.util.concurrent=ALL-UNNAMED
20-Apr-2024 23:09:11.233 INFO [main] org.apache.catalina.startup.VersionLoggerListener.log Command line argument: --add-opens=java.rmi/sun.rmi.transport=ALL-UNNAMED
20-Apr-2024 23:09:11.233 INFO [main] org.apache.catalina.startup.VersionLoggerListener.log Command line argument: -Dcatalina.home=C:\Users\Галина\Desktop\Tomcat\apache-tomcat-8.5.97
20-Apr-2024 23:09:11.233 INFO [main] org.apache.catalina.startup.VersionLoggerListener.log Command line argument: -Dcatalina.base=C:\Users\Галина\Desktop\demo (1)
20-Apr-2024 23:09:11.233 INFO [main] org.apache.catalina.startup.VersionLoggerListener.log Command line argument: -Djava.io.tmpdir=C:\Users\Галина\Desktop\demo (1)\temp
20-Apr-2024 23:09:11.236 INFO [main] org.apache.catalina.startup.VersionLoggerListener.log Command line argument: -Djava.util.logging.config.file=C:\Users\Галина\Desktop\demo (1)\conf\logging.properties
20-Apr-2024 23:09:11.237 INFO [main] org.apache.catalina.startup.VersionLoggerListener.log Command line argument: -Djava.util.logging.manager=org.apache.juli.ClassLoaderLogManager
20-Apr-2024 23:09:11.237 INFO [main] org.apache.catalina.startup.VersionLoggerListener.log Command line argument: -javaagent:C:\Users\Галина\AppData\Local\JetBrains\Toolbox\apps\IDEA-C\ch-0\221.6008.13\lib\idea_rt.jar=59210:C:\Users\Галина\AppData\Local\JetBrains\Toolbox\apps\IDEA-C\ch-0\221.6008.13\bin
20-Apr-2024 23:09:11.238 INFO [main] org.apache.catalina.startup.VersionLoggerListener.log Command line argument: -Dfile.encoding=UTF-8
20-Apr-2024 23:09:11.239 INFO [main] org.apache.catalina.core.AprLifecycleListener.lifecycleEvent The Apache Tomcat Native library which allows using OpenSSL was not found on the java.library.path: [C:\Users\Галина\.jdks\openjdk-18.0.2\bin;C:\Windows\Sun\Java\bin;C:\Windows\system32;C:\Windows;C:\Program Files (x86)\Common Files\Oracle\Java\javapath;C:\Program Files (x86)\AMD APP\bin\x86_64;C:\Program Files (x86)\AMD APP\bin\x86;C:\Program Files\Common Files\Microsoft Shared\Windows Live;C:\Program Files (x86)\Common Files\Microsoft Shared\Windows Live;C:\Windows\system32;C:\Windows;C:\Windows\System32\Wbem;C:\Windows\System32\WindowsPowerShell\v1.0\;C:\Program Files (x86)\Windows Live\Shared;C:\Program Files (x86)\ATI Technologies\ATI.ACE\Core-Static;C:\Program Files (x86)\Intel\OpenCL SDK\2.0\bin\x86;C:\Program Files (x86)\Intel\OpenCL SDK\2.0\bin\x64;C:\Program Files\OpenVPN\bin;C:\Program Files (x86)\Intel\OpenCL SDK\2.0\bin\x86;C:\Program Files (x86)\Intel\OpenCL SDK\2.0\bin\x64;C:\Program Files\Git\cmd;C:\Program Files\Microsoft SQL Server\120\Tools\Binn\;;C:\Users\Галина\AppData\Local\JetBrains\Toolbox\scripts;C:\Users\Галина\AppData\Local\Programs\Microsoft VS Code\bin;.]
20-Apr-2024 23:09:11.338 INFO [main] org.apache.coyote.AbstractProtocol.init Инициализация ProtocolHandler ["http-nio-8080"]
20-Apr-2024 23:09:11.362 SEVERE [main] org.apache.catalina.core.StandardService.initInternal Failed to initialize connector [Connector["http-nio-8080"]]
	org.apache.catalina.LifecycleException: Protocol handler initialization failed
		at org.apache.catalina.connector.Connector.initInternal(Connector.java:1075)
		at org.apache.catalina.util.LifecycleBase.init(LifecycleBase.java:127)
		at org.apache.catalina.core.StandardService.initInternal(StandardService.java:564)
		at org.apache.catalina.util.LifecycleBase.init(LifecycleBase.java:127)
		at org.apache.catalina.core.StandardServer.initInternal(StandardServer.java:854)
		at org.apache.catalina.util.LifecycleBase.init(LifecycleBase.java:127)
		at org.apache.catalina.startup.Catalina.load(Catalina.java:646)
		at org.apache.catalina.startup.Catalina.load(Catalina.java:669)
		at java.base/jdk.internal.reflect.DirectMethodHandleAccessor.invoke(DirectMethodHandleAccessor.java:104)
		at java.base/java.lang.reflect.Method.invoke(Method.java:577)
		at org.apache.catalina.startup.Bootstrap.load(Bootstrap.java:307)
		at org.apache.catalina.startup.Bootstrap.main(Bootstrap.java:477)
	Caused by: java.net.BindException: Address already in use: bind
		at java.base/sun.nio.ch.Net.bind0(Native Method)
		at java.base/sun.nio.ch.Net.bind(Net.java:555)
		at java.base/sun.nio.ch.ServerSocketChannelImpl.netBind(ServerSocketChannelImpl.java:337)
		at java.base/sun.nio.ch.ServerSocketChannelImpl.bind(ServerSocketChannelImpl.java:294)
		at java.base/sun.nio.ch.ServerSocketAdaptor.bind(ServerSocketAdaptor.java:89)
		at org.apache.tomcat.util.net.NioEndpoint.initServerSocket(NioEndpoint.java:226)
		at org.apache.tomcat.util.net.NioEndpoint.bind(NioEndpoint.java:202)
		at org.apache.tomcat.util.net.AbstractEndpoint.bindWithCleanup(AbstractEndpoint.java:1326)
		at org.apache.tomcat.util.net.AbstractEndpoint.init(AbstractEndpoint.java:1339)
		at org.apache.tomcat.util.net.AbstractJsseEndpoint.init(AbstractJsseEndpoint.java:231)
		at org.apache.coyote.AbstractProtocol.init(AbstractProtocol.java:695)
		at org.apache.coyote.http11.AbstractHttp11Protocol.init(AbstractHttp11Protocol.java:76)
		at org.apache.catalina.connector.Connector.initInternal(Connector.java:1073)
		... 11 more
20-Apr-2024 23:09:11.363 INFO [main] org.apache.catalina.startup.Catalina.load Initialization processed in 1429 ms
20-Apr-2024 23:09:11.484 INFO [main] org.apache.catalina.core.StandardService.startInternal Starting service [Catalina]
20-Apr-2024 23:09:11.484 INFO [main] org.apache.catalina.core.StandardEngine.startInternal Starting Servlet engine: [Apache Tomcat/8.5.97]
20-Apr-2024 23:09:11.594 INFO [localhost-startStop-1] org.apache.catalina.startup.HostConfig.deployDescriptor Deploying deployment descriptor [C:\Users\Галина\Desktop\demo (1)\conf\Catalina\localhost\ROOT.xml]
20-Apr-2024 23:09:12.466 WARNING [localhost-startStop-1] org.apache.catalina.util.SessionIdGeneratorBase.createSecureRandom Creation of SecureRandom instance for session ID generation using [SHA1PRNG] took [123] milliseconds.
20-Apr-2024 23:09:12.517 INFO [localhost-startStop-1] org.apache.catalina.startup.HostConfig.deployDescriptor Deployment of deployment descriptor [C:\Users\Галина\Desktop\demo (1)\conf\Catalina\localhost\ROOT.xml] has finished in [920] ms
20-Apr-2024 23:09:12.534 INFO [main] org.apache.catalina.startup.Catalina.start Server startup in 1169 ms
20-Apr-2024 23:09:12.553 SEVERE [main] org.apache.catalina.core.StandardServer.await Failed to create server shutdown socket on address [localhost] and port [8080] (base port [8080] and offset [0])
	java.net.BindException: Address already in use: bind
		at java.base/sun.nio.ch.Net.bind0(Native Method)
		at java.base/sun.nio.ch.Net.bind(Net.java:555)
		at java.base/sun.nio.ch.Net.bind(Net.java:544)
		at java.base/sun.nio.ch.NioSocketImpl.bind(NioSocketImpl.java:640)
		at java.base/java.net.ServerSocket.bind(ServerSocket.java:392)
		at java.base/java.net.ServerSocket.<init>(ServerSocket.java:274)
		at org.apache.catalina.core.StandardServer.await(StandardServer.java:444)
		at org.apache.catalina.startup.Catalina.await(Catalina.java:783)
		at org.apache.catalina.startup.Catalina.start(Catalina.java:729)
		at java.base/jdk.internal.reflect.DirectMethodHandleAccessor.invoke(DirectMethodHandleAccessor.java:104)
		at java.base/java.lang.reflect.Method.invoke(Method.java:577)
		at org.apache.catalina.startup.Bootstrap.start(Bootstrap.java:347)
		at org.apache.catalina.startup.Bootstrap.main(Bootstrap.java:478)
20-Apr-2024 23:09:12.554 INFO [main] org.apache.coyote.AbstractProtocol.pause Pausing ProtocolHandler ["http-nio-8080"]
20-Apr-2024 23:09:12.554 INFO [main] org.apache.catalina.core.StandardService.stopInternal Stopping service [Catalina]
20-Apr-2024 23:09:12.597 INFO [main] org.apache.coyote.AbstractProtocol.stop Stopping ProtocolHandler ["http-nio-8080"]
20-Apr-2024 23:09:12.600 INFO [main] org.apache.coyote.AbstractProtocol.destroy Destroying ProtocolHandler ["http-nio-8080"]
20-Apr-2024 23:10:11.956 INFO [main] org.apache.catalina.startup.VersionLoggerListener.log Имя версии сервера:    Apache Tomcat/8.5.97
20-Apr-2024 23:10:11.998 INFO [main] org.apache.catalina.startup.VersionLoggerListener.log Сервер собран:         Dec 7 2023 17:57:18 UTC
20-Apr-2024 23:10:11.999 INFO [main] org.apache.catalina.startup.VersionLoggerListener.log Номер версии сервера:  8.5.97.0
20-Apr-2024 23:10:12.000 INFO [main] org.apache.catalina.startup.VersionLoggerListener.log OS Name:               Windows 7
20-Apr-2024 23:10:12.000 INFO [main] org.apache.catalina.startup.VersionLoggerListener.log Версия ОС:             6.1
20-Apr-2024 23:10:12.001 INFO [main] org.apache.catalina.startup.VersionLoggerListener.log Архитектура:           amd64
20-Apr-2024 23:10:12.001 INFO [main] org.apache.catalina.startup.VersionLoggerListener.log Java Home:             C:\Users\Галина\.jdks\openjdk-18.0.2
20-Apr-2024 23:10:12.003 INFO [main] org.apache.catalina.startup.VersionLoggerListener.log Версия JVM:            18.0.2+9-61
20-Apr-2024 23:10:12.003 INFO [main] org.apache.catalina.startup.VersionLoggerListener.log Производитель JVM:     Oracle Corporation
20-Apr-2024 23:10:12.004 INFO [main] org.apache.catalina.startup.VersionLoggerListener.log CATALINA_BASE:         C:\Users\Галина\Desktop\demo (1)
20-Apr-2024 23:10:12.004 INFO [main] org.apache.catalina.startup.VersionLoggerListener.log CATALINA_HOME:         C:\Users\Галина\Desktop\Tomcat\apache-tomcat-8.5.97
20-Apr-2024 23:10:12.013 INFO [main] org.apache.catalina.startup.VersionLoggerListener.log Command line argument: --add-opens=java.base/java.lang=ALL-UNNAMED
20-Apr-2024 23:10:12.014 INFO [main] org.apache.catalina.startup.VersionLoggerListener.log Command line argument: --add-opens=java.base/java.io=ALL-UNNAMED
20-Apr-2024 23:10:12.015 INFO [main] org.apache.catalina.startup.VersionLoggerListener.log Command line argument: --add-opens=java.base/java.util=ALL-UNNAMED
20-Apr-2024 23:10:12.015 INFO [main] org.apache.catalina.startup.VersionLoggerListener.log Command line argument: --add-opens=java.base/java.util.concurrent=ALL-UNNAMED
20-Apr-2024 23:10:12.015 INFO [main] org.apache.catalina.startup.VersionLoggerListener.log Command line argument: --add-opens=java.rmi/sun.rmi.transport=ALL-UNNAMED
20-Apr-2024 23:10:12.016 INFO [main] org.apache.catalina.startup.VersionLoggerListener.log Command line argument: -Dcatalina.home=C:\Users\Галина\Desktop\Tomcat\apache-tomcat-8.5.97
20-Apr-2024 23:10:12.016 INFO [main] org.apache.catalina.startup.VersionLoggerListener.log Command line argument: -Dcatalina.base=C:\Users\Галина\Desktop\demo (1)
20-Apr-2024 23:10:12.016 INFO [main] org.apache.catalina.startup.VersionLoggerListener.log Command line argument: -Djava.io.tmpdir=C:\Users\Галина\Desktop\demo (1)\temp
20-Apr-2024 23:10:12.018 INFO [main] org.apache.catalina.startup.VersionLoggerListener.log Command line argument: -Djava.util.logging.config.file=C:\Users\Галина\Desktop\demo (1)\conf\logging.properties
20-Apr-2024 23:10:12.018 INFO [main] org.apache.catalina.startup.VersionLoggerListener.log Command line argument: -Djava.util.logging.manager=org.apache.juli.ClassLoaderLogManager
20-Apr-2024 23:10:12.019 INFO [main] org.apache.catalina.startup.VersionLoggerListener.log Command line argument: -javaagent:C:\Users\Галина\AppData\Local\JetBrains\Toolbox\apps\IDEA-C\ch-0\221.6008.13\lib\idea_rt.jar=59558:C:\Users\Галина\AppData\Local\JetBrains\Toolbox\apps\IDEA-C\ch-0\221.6008.13\bin
20-Apr-2024 23:10:12.019 INFO [main] org.apache.catalina.startup.VersionLoggerListener.log Command line argument: -Dfile.encoding=UTF-8
20-Apr-2024 23:10:12.019 INFO [main] org.apache.catalina.core.AprLifecycleListener.lifecycleEvent The Apache Tomcat Native library which allows using OpenSSL was not found on the java.library.path: [C:\Users\Галина\.jdks\openjdk-18.0.2\bin;C:\Windows\Sun\Java\bin;C:\Windows\system32;C:\Windows;C:\Program Files (x86)\Common Files\Oracle\Java\javapath;C:\Program Files (x86)\AMD APP\bin\x86_64;C:\Program Files (x86)\AMD APP\bin\x86;C:\Program Files\Common Files\Microsoft Shared\Windows Live;C:\Program Files (x86)\Common Files\Microsoft Shared\Windows Live;C:\Windows\system32;C:\Windows;C:\Windows\System32\Wbem;C:\Windows\System32\WindowsPowerShell\v1.0\;C:\Program Files (x86)\Windows Live\Shared;C:\Program Files (x86)\ATI Technologies\ATI.ACE\Core-Static;C:\Program Files (x86)\Intel\OpenCL SDK\2.0\bin\x86;C:\Program Files (x86)\Intel\OpenCL SDK\2.0\bin\x64;C:\Program Files\OpenVPN\bin;C:\Program Files (x86)\Intel\OpenCL SDK\2.0\bin\x86;C:\Program Files (x86)\Intel\OpenCL SDK\2.0\bin\x64;C:\Program Files\Git\cmd;C:\Program Files\Microsoft SQL Server\120\Tools\Binn\;;C:\Users\Галина\AppData\Local\JetBrains\Toolbox\scripts;C:\Users\Галина\AppData\Local\Programs\Microsoft VS Code\bin;.]
20-Apr-2024 23:10:12.191 INFO [main] org.apache.coyote.AbstractProtocol.init Инициализация ProtocolHandler ["http-nio-9999"]
20-Apr-2024 23:10:12.414 INFO [main] org.apache.catalina.startup.Catalina.load Initialization processed in 2063 ms
20-Apr-2024 23:10:12.565 INFO [main] org.apache.catalina.core.StandardService.startInternal Starting service [Catalina]
20-Apr-2024 23:10:12.565 INFO [main] org.apache.catalina.core.StandardEngine.startInternal Starting Servlet engine: [Apache Tomcat/8.5.97]
20-Apr-2024 23:10:12.593 INFO [localhost-startStop-1] org.apache.catalina.startup.HostConfig.deployDescriptor Deploying deployment descriptor [C:\Users\Галина\Desktop\demo (1)\conf\Catalina\localhost\ROOT.xml]
20-Apr-2024 23:10:13.454 WARNING [localhost-startStop-1] org.apache.catalina.util.SessionIdGeneratorBase.createSecureRandom Creation of SecureRandom instance for session ID generation using [SHA1PRNG] took [141] milliseconds.
20-Apr-2024 23:10:13.503 INFO [localhost-startStop-1] org.apache.catalina.startup.HostConfig.deployDescriptor Deployment of deployment descriptor [C:\Users\Галина\Desktop\demo (1)\conf\Catalina\localhost\ROOT.xml] has finished in [910] ms
20-Apr-2024 23:10:13.527 INFO [main] org.apache.coyote.AbstractProtocol.start Starting ProtocolHandler ["http-nio-9999"]
20-Apr-2024 23:10:13.701 INFO [main] org.apache.catalina.startup.Catalina.start Server startup in 1286 ms
20-Apr-2024 23:10:13.713 SEVERE [main] org.apache.catalina.core.StandardServer.await Failed to create server shutdown socket on address [localhost] and port [9999] (base port [9999] and offset [0])
	java.net.BindException: Address already in use: bind
		at java.base/sun.nio.ch.Net.bind0(Native Method)
		at java.base/sun.nio.ch.Net.bind(Net.java:555)
		at java.base/sun.nio.ch.Net.bind(Net.java:544)
		at java.base/sun.nio.ch.NioSocketImpl.bind(NioSocketImpl.java:640)
		at java.base/java.net.ServerSocket.bind(ServerSocket.java:392)
		at java.base/java.net.ServerSocket.<init>(ServerSocket.java:274)
		at org.apache.catalina.core.StandardServer.await(StandardServer.java:444)
		at org.apache.catalina.startup.Catalina.await(Catalina.java:783)
		at org.apache.catalina.startup.Catalina.start(Catalina.java:729)
		at java.base/jdk.internal.reflect.DirectMethodHandleAccessor.invoke(DirectMethodHandleAccessor.java:104)
		at java.base/java.lang.reflect.Method.invoke(Method.java:577)
		at org.apache.catalina.startup.Bootstrap.start(Bootstrap.java:347)
		at org.apache.catalina.startup.Bootstrap.main(Bootstrap.java:478)
20-Apr-2024 23:10:13.715 INFO [main] org.apache.coyote.AbstractProtocol.pause Pausing ProtocolHandler ["http-nio-9999"]
20-Apr-2024 23:10:13.737 INFO [main] org.apache.catalina.core.StandardService.stopInternal Stopping service [Catalina]
20-Apr-2024 23:10:13.776 INFO [main] org.apache.coyote.AbstractProtocol.stop Stopping ProtocolHandler ["http-nio-9999"]
20-Apr-2024 23:10:13.787 INFO [main] org.apache.coyote.AbstractProtocol.destroy Destroying ProtocolHandler ["http-nio-9999"]
